{
  "RSpec": {
    "coverage": {
      "/Users/mirandafrudd/Projects/pair_programming/bookmark-manager/app.rb": {
        "lines": [
          1,
          1,
          1,
          null,
          1,
          null,
          null,
          null,
          null,
          1,
          1,
          null,
          null,
          1,
          1,
          1,
          1,
          1,
          1,
          null,
          null,
          1,
          null
        ]
      },
      "/Users/mirandafrudd/Projects/pair_programming/bookmark-manager/lib/bookmark.rb": {
        "lines": [
          1,
          null,
          1,
          null,
          1,
          2,
          2,
          null,
          0,
          null,
          2,
          8,
          null,
          null,
          null
        ]
      },
      "/Users/mirandafrudd/Projects/pair_programming/bookmark-manager/spec/features/bookmarks_page_spec.rb": {
        "lines": [
          1,
          1,
          1,
          null,
          1,
          1,
          1,
          null,
          1,
          1,
          1,
          1,
          null,
          null
        ]
      },
      "/Users/mirandafrudd/Projects/pair_programming/bookmark-manager/spec/features/index_page_spec.rb": {
        "lines": [
          1,
          1,
          1,
          1,
          null,
          null
        ]
      },
      "/Users/mirandafrudd/Projects/pair_programming/bookmark-manager/spec/units/bookmark_spec.rb": {
        "lines": [
          1,
          null,
          1,
          null,
          1,
          1,
          1,
          null,
          1,
          1,
          1,
          null,
          1,
          null,
          null,
          null,
          null,
          null,
          null,
          null
        ]
      }
    },
    "timestamp": 1657642467
  }
}
