{
  "RSpec": {
    "coverage": {
      "/Users/olliefreeman/Tests/Databases/MarlonMiranda/bookmark-manager/app.rb": {
        "lines": [
          1,
          1,
          1,
          null,
          1,
          null,
          null,
          null,
          null,
          1,
          1,
          null,
          null,
          1,
          2,
          2,
          null,
          null,
          1,
          1,
          1,
          null,
          null,
          1,
          1,
          null,
          null,
          1,
          null
        ]
      },
      "/Users/olliefreeman/Tests/Databases/MarlonMiranda/bookmark-manager/lib/bookmark.rb": {
        "lines": [
          1,
          null,
          1,
          null,
          1,
          null,
          1,
          15,
          15,
          15,
          null,
          null,
          1,
          8,
          8,
          null,
          0,
          null,
          8,
          null,
          null,
          8,
          null,
          null,
          1,
          3,
          3,
          null,
          0,
          null,
          3,
          3,
          7,
          null,
          null,
          null,
          null
        ]
      },
      "/Users/olliefreeman/Tests/Databases/MarlonMiranda/bookmark-manager/spec/features/add_bookmark_spec.rb": {
        "lines": [
          1,
          1,
          1,
          1,
          1,
          1,
          null,
          1,
          null,
          null
        ]
      },
      "/Users/olliefreeman/Tests/Databases/MarlonMiranda/bookmark-manager/spec/features/index_page_spec.rb": {
        "lines": [
          1,
          1,
          1,
          1,
          null,
          null
        ]
      },
      "/Users/olliefreeman/Tests/Databases/MarlonMiranda/bookmark-manager/spec/features/view_bookmarks_spec.rb": {
        "lines": [
          1,
          1,
          1,
          1,
          1,
          null,
          1,
          1,
          1,
          1,
          null,
          null
        ]
      },
      "/Users/olliefreeman/Tests/Databases/MarlonMiranda/bookmark-manager/spec/units/bookmark_spec.rb": {
        "lines": [
          1,
          1,
          null,
          1,
          1,
          1,
          1,
          1,
          null,
          1,
          1,
          1,
          1,
          null,
          null,
          null,
          1,
          1,
          1,
          1,
          1,
          1,
          null,
          1,
          null,
          1,
          1,
          1,
          1,
          1,
          null,
          null,
          null
        ]
      },
      "/Users/olliefreeman/Tests/Databases/MarlonMiranda/bookmark-manager/spec/database_helpers.rb": {
        "lines": [
          1,
          null,
          1,
          1,
          1,
          1,
          null
        ]
      }
    },
    "timestamp": 1657803194
  }
}
